2014-03-04 08:44:39.072 HelloWorld[3660:80b] Multi-tasking -> Device: YES, App: YES
2014-03-04 08:44:39.095 HelloWorld[3660:80b] Unlimited access to network resources
2014-03-04 08:44:39.575 HelloWorld[3660:80b] Resetting plugins due to page load.
2014-03-04 08:44:39.761 HelloWorld[3660:80b] Finished load of: file:///Users/lucasddaniel/Library/Application%20Support/iPhone%20Simulator/7.0.3/Applications/F0E72F50-1C61-4E44-97C3-AEAA426C9209/HelloWorld.app/www/index.html
2014-03-04 08:51:40.704 HelloWorld[6132:80b] Multi-tasking -> Device: YES, App: YES
2014-03-04 08:51:40.720 HelloWorld[6132:80b] Unlimited access to network resources
2014-03-04 08:51:40.965 HelloWorld[6132:80b] Resetting plugins due to page load.
2014-03-04 08:51:41.202 HelloWorld[6132:80b] Finished load of: file:///Users/lucasddaniel/Library/Application%20Support/iPhone%20Simulator/7.0.3/Applications/F0E72F50-1C61-4E44-97C3-AEAA426C9209/HelloWorld.app/www/index.html
2014-03-04 08:54:19.384 HelloWorld[8583:80b] Multi-tasking -> Device: YES, App: YES
2014-03-04 08:54:19.399 HelloWorld[8583:80b] Unlimited access to network resources
2014-03-04 08:54:19.630 HelloWorld[8583:80b] Resetting plugins due to page load.
2014-03-04 08:54:19.850 HelloWorld[8583:80b] Finished load of: file:///Users/lucasddaniel/Library/Application%20Support/iPhone%20Simulator/7.0.3/Applications/F0E72F50-1C61-4E44-97C3-AEAA426C9209/HelloWorld.app/www/index.html
2014-03-04 09:05:26.236 HelloWorld[10738:80b] Multi-tasking -> Device: YES, App: YES
2014-03-04 09:05:26.248 HelloWorld[10738:80b] Unlimited access to network resources
2014-03-04 09:05:26.487 HelloWorld[10738:80b] Resetting plugins due to page load.
2014-03-04 09:05:26.665 HelloWorld[10738:80b] Finished load of: file:///Users/lucasddaniel/Library/Application%20Support/iPhone%20Simulator/7.0.3/Applications/F0E72F50-1C61-4E44-97C3-AEAA426C9209/HelloWorld.app/www/index.html
2014-03-07 21:34:59.906 HelloWorld[35319:80b] Multi-tasking -> Device: YES, App: YES
2014-03-07 21:34:59.932 HelloWorld[35319:80b] Unlimited access to network resources
2014-03-07 21:35:00.263 HelloWorld[35319:80b] Resetting plugins due to page load.
2014-03-07 21:35:00.465 HelloWorld[35319:80b] Finished load of: file:///Users/lucasddaniel/Library/Application%20Support/iPhone%20Simulator/7.0.3/Applications/F0E72F50-1C61-4E44-97C3-AEAA426C9209/HelloWorld.app/www/index.html
2014-03-13 15:23:39.597 HelloWorld[16648:70b] Multi-tasking -> Device: YES, App: YES
2014-03-13 15:23:39.615 HelloWorld[16648:70b] Unlimited access to network resources
2014-03-13 15:23:39.687 HelloWorld[16648:70b] Resetting plugins due to page load.
2014-03-13 15:23:39.845 HelloWorld[16648:70b] Finished load of: file:///Users/lucasddaniel/Library/Application%20Support/iPhone%20Simulator/7.1/Applications/13E86209-7EC2-42DE-B8B7-9F578A88F275/HelloWorld.app/www/index.html
2014-03-13 22:36:05.358 HelloWorld[18645:70b] Multi-tasking -> Device: YES, App: YES
2014-03-13 22:36:05.389 HelloWorld[18645:70b] Unlimited access to network resources
2014-03-13 22:36:05.794 HelloWorld[18645:70b] Resetting plugins due to page load.
2014-03-13 22:36:06.205 HelloWorld[18645:70b] Finished load of: file:///Users/lucasddaniel/Library/Application%20Support/iPhone%20Simulator/7.1/Applications/13E86209-7EC2-42DE-B8B7-9F578A88F275/HelloWorld.app/www/index.html
2014-03-15 11:27:03.717 HelloWorld[25395:70b] Multi-tasking -> Device: YES, App: YES
2014-03-15 11:27:03.767 HelloWorld[25395:70b] Unlimited access to network resources
2014-03-15 11:27:04.268 HelloWorld[25395:70b] Resetting plugins due to page load.
2014-03-15 11:27:04.603 HelloWorld[25395:70b] Finished load of: file:///Users/lucasddaniel/Library/Application%20Support/iPhone%20Simulator/7.1/Applications/13E86209-7EC2-42DE-B8B7-9F578A88F275/HelloWorld.app/www/index.html
2014-03-15 11:30:21.730 HelloWorld[25997:70b] Multi-tasking -> Device: YES, App: YES
2014-03-15 11:30:21.761 HelloWorld[25997:70b] Unlimited access to network resources
2014-03-15 11:30:21.984 HelloWorld[25997:70b] Resetting plugins due to page load.
2014-03-15 11:30:22.731 HelloWorld[25997:70b] Finished load of: file:///Users/lucasddaniel/Library/Application%20Support/iPhone%20Simulator/7.1/Applications/13E86209-7EC2-42DE-B8B7-9F578A88F275/HelloWorld.app/www/index.html
2014-03-15 11:32:42.321 HelloWorld[26555:70b] Multi-tasking -> Device: YES, App: YES
2014-03-15 11:32:42.330 HelloWorld[26555:70b] Unlimited access to network resources
2014-03-15 11:32:42.463 HelloWorld[26555:70b] Resetting plugins due to page load.
2014-03-15 11:32:42.588 HelloWorld[26555:70b] Finished load of: file:///Users/lucasddaniel/Library/Application%20Support/iPhone%20Simulator/7.1/Applications/13E86209-7EC2-42DE-B8B7-9F578A88F275/HelloWorld.app/www/index.html
2014-03-15 23:40:15.863 HelloWorld[39244:70b] Multi-tasking -> Device: YES, App: YES
2014-03-15 23:40:15.913 HelloWorld[39244:70b] Unlimited access to network resources
2014-03-15 23:40:16.312 HelloWorld[39244:70b] Resetting plugins due to page load.
2014-03-15 23:40:16.630 HelloWorld[39244:70b] Finished load of: file:///Users/lucasddaniel/Library/Application%20Support/iPhone%20Simulator/7.1/Applications/13E86209-7EC2-42DE-B8B7-9F578A88F275/HelloWorld.app/www/index.html
2014-03-16 10:51:52.631 HelloWorld[44848:70b] Multi-tasking -> Device: YES, App: YES
2014-03-16 10:51:52.646 HelloWorld[44848:70b] Unlimited access to network resources
2014-03-16 10:51:52.794 HelloWorld[44848:70b] Resetting plugins due to page load.
2014-03-16 10:51:53.133 HelloWorld[44848:70b] Finished load of: file:///Users/lucasddaniel/Library/Application%20Support/iPhone%20Simulator/7.1/Applications/13E86209-7EC2-42DE-B8B7-9F578A88F275/HelloWorld.app/www/index.html
2014-03-24 08:51:16.224 HelloWorld[22806:70b] Multi-tasking -> Device: YES, App: YES
2014-03-24 08:51:16.247 HelloWorld[22806:70b] Unlimited access to network resources
2014-03-24 08:51:16.446 HelloWorld[22806:70b] Resetting plugins due to page load.
2014-03-24 08:53:12.565 HelloWorld[27799:70b] Multi-tasking -> Device: YES, App: YES
2014-03-24 08:53:12.578 HelloWorld[27799:70b] Unlimited access to network resources
2014-03-24 08:53:12.754 HelloWorld[27799:70b] Resetting plugins due to page load.
2014-03-24 08:53:13.121 HelloWorld[27799:70b] Finished load of: file:///Users/lucasddaniel/Library/Application%20Support/iPhone%20Simulator/7.1/Applications/13E86209-7EC2-42DE-B8B7-9F578A88F275/HelloWorld.app/www/index.html
2014-03-24 08:54:17.352 HelloWorld[30309:70b] Multi-tasking -> Device: YES, App: YES
2014-03-24 08:54:17.367 HelloWorld[30309:70b] Unlimited access to network resources
2014-03-24 08:54:17.557 HelloWorld[30309:70b] Resetting plugins due to page load.
2014-03-24 08:54:17.953 HelloWorld[30309:70b] Finished load of: file:///Users/lucasddaniel/Library/Application%20Support/iPhone%20Simulator/7.1/Applications/13E86209-7EC2-42DE-B8B7-9F578A88F275/HelloWorld.app/www/index.html
2014-03-24 08:55:26.103 HelloWorld[33079:70b] Multi-tasking -> Device: YES, App: YES
2014-03-24 08:55:26.119 HelloWorld[33079:70b] Unlimited access to network resources
2014-03-24 08:55:26.234 HelloWorld[33079:70b] Resetting plugins due to page load.
2014-03-24 08:55:26.645 HelloWorld[33079:70b] Finished load of: file:///Users/lucasddaniel/Library/Application%20Support/iPhone%20Simulator/7.1/Applications/13E86209-7EC2-42DE-B8B7-9F578A88F275/HelloWorld.app/www/index.html
2014-03-24 08:59:29.301 HelloWorld[36944:70b] Multi-tasking -> Device: YES, App: YES
2014-03-24 08:59:29.329 HelloWorld[36944:70b] Unlimited access to network resources
2014-03-24 08:59:29.509 HelloWorld[36944:70b] Resetting plugins due to page load.
2014-03-24 08:59:29.986 HelloWorld[36944:70b] Finished load of: file:///Users/lucasddaniel/Library/Application%20Support/iPhone%20Simulator/7.1/Applications/13E86209-7EC2-42DE-B8B7-9F578A88F275/HelloWorld.app/www/index.html
2014-03-24 09:00:25.402 HelloWorld[39424:70b] Multi-tasking -> Device: YES, App: YES
2014-03-24 09:00:25.415 HelloWorld[39424:70b] Unlimited access to network resources
2014-03-24 09:00:25.517 HelloWorld[39424:70b] Resetting plugins due to page load.
2014-03-24 09:00:25.830 HelloWorld[39424:70b] Finished load of: file:///Users/lucasddaniel/Library/Application%20Support/iPhone%20Simulator/7.1/Applications/13E86209-7EC2-42DE-B8B7-9F578A88F275/HelloWorld.app/www/index.html
